<?xml version="1.0" encoding="UTF-8"?>
<!-- Generated by org.testng.reporters.JUnitReportReporter -->
<testsuite hostname="Naomi" failures="0" tests="5" name="com.acti.testcase.LoginPageTests" time="26.975" errors="0" timestamp="2023-04-29T19:14:14 CDT" skipped="0">
  <testcase classname="com.acti.testcase.LoginPageTests" name="testLoginFunction" time="4.795"/>
  <system-out/>
  <testcase classname="com.acti.testcase.LoginPageTests" name="testLoginInvaliCredientials" time="8.416"/>
  <system-out/>
  <testcase classname="com.acti.testcase.LoginPageTests" name="testForgotPasswordDisplayed" time="4.729"/>
  <system-out/>
  <testcase classname="com.acti.testcase.LoginPageTests" name="testLoginPageTitle" time="4.294"/>
  <system-out/>
  <testcase classname="com.acti.testcase.LoginPageTests" name="testActiImgDisplayed" time="4.741"/>
  <system-out/>
</testsuite> <!-- com.acti.testcase.LoginPageTests -->
