<?xml version="1.0" encoding="UTF-8"?>
<!-- Generated by org.testng.reporters.JUnitReportReporter -->
<testsuite hostname="Naomi" failures="0" tests="1" name="com.acti.base.DriverScript" time="4.945" errors="0" timestamp="2023-04-27T15:13:38 CDT" skipped="0">
  <testcase classname="com.acti.base.DriverScript" name="initApplication" time="4.945"/>
  <system-out/>
</testsuite> <!-- com.acti.base.DriverScript -->
